#
# There is insufficient memory for the Java Runtime Environment to continue.
# Native memory allocation (mmap) failed to map 266338304 bytes for G1 virtual space
# Possible reasons:
#   The system is out of physical RAM or swap space
#   The process is running with CompressedOops enabled, and the Java Heap may be blocking the growth of the native heap
# Possible solutions:
#   Reduce memory load on the system
#   Increase physical memory or swap space
#   Check if swap backing store is full
#   Decrease Java heap size (-Xmx/-Xms)
#   Decrease number of Java threads
#   Decrease Java thread stack sizes (-Xss)
#   Set larger code cache with -XX:ReservedCodeCacheSize=
#   JVM is running with Zero Based Compressed Oops mode in which the Java heap is
#     placed in the first 32GB address space. The Java Heap base address is the
#     maximum limit for the native heap growth. Please use -XX:HeapBaseMinAddress
#     to set the Java Heap base and to place the Java Heap above 32GB virtual address.
# This output file may be truncated or incomplete.
#
#  Out of Memory Error (os_windows.cpp:3550), pid=17024, tid=18376
#
# JRE version:  (17.0.8+9) (build )
# Java VM: Java HotSpot(TM) 64-Bit Server VM (17.0.8+9-LTS-211, mixed mode, sharing, tiered, compressed oops, compressed class ptrs, g1 gc, windows-amd64)
# No core dump will be written. Minidumps are not enabled by default on client versions of Windows
#

---------------  S U M M A R Y ------------

Command Line: C:\Users\GYANAD~1\AppData\Local\Temp\surefire11512841118104558596\surefirebooter1070935093170856641.jar C:\Users\Gyanadeep Sahoo\AppData\Local\Temp\surefire11512841118104558596 2024-04-21T20-23-05_962-jvmRun1 surefire1815131641131075671tmp surefire_04145984873095826547tmp

Host: 11th Gen Intel(R) Core(TM) i5-11320H @ 3.20GHz, 8 cores, 15G,  Windows 11 , 64 bit Build 22621 (10.0.22621.3374)
Time: Sun Apr 21 20:23:06 2024 Pacific Daylight Time elapsed time: 0.006682 seconds (0d 0h 0m 0s)

---------------  T H R E A D  ---------------

Current thread (0x000002a0abb16060):  JavaThread "Unknown thread" [_thread_in_vm, id=18376, stack(0x000000eeefb00000,0x000000eeefc00000)]

Stack: [0x000000eeefb00000,0x000000eeefc00000]
Native frames: (J=compiled Java code, j=interpreted, Vv=VM code, C=native code)
V  [jvm.dll+0x677d0a]
V  [jvm.dll+0x7d8c54]
V  [jvm.dll+0x7da3fe]
V  [jvm.dll+0x7daa63]
V  [jvm.dll+0x245c5f]
V  [jvm.dll+0x674bb9]
V  [jvm.dll+0x6694f2]
V  [jvm.dll+0x3031d6]
V  [jvm.dll+0x30a756]
V  [jvm.dll+0x359f9e]
V  [jvm.dll+0x35a1cf]
V  [jvm.dll+0x2da3e8]
V  [jvm.dll+0x2db354]
V  [jvm.dll+0x7aa711]
V  [jvm.dll+0x367b51]
V  [jvm.dll+0x789979]
V  [jvm.dll+0x3eb05f]
V  [jvm.dll+0x3ecae1]
C  [jli.dll+0x5297]
C  [ucrtbase.dll+0x29333]
C  [KERNEL32.DLL+0x1257d]
C  [ntdll.dll+0x5aa48]


---------------  P R O C E S S  ---------------

Threads class SMR info:
_java_thread_list=0x00007ffad0c359d8, length=0, elements={
}

Java Threads: ( => current thread )

Other Threads:
  0x000002a0abb83830 GCTaskThread "GC Thread#0" [stack: 0x000000eeefc00000,0x000000eeefd00000] [id=4424]
  0x000002a0abb95400 ConcurrentGCThread "G1 Main Marker" [stack: 0x000000eeefd00000,0x000000eeefe00000] [id=18216]
  0x000002a0abb965b0 ConcurrentGCThread "G1 Conc#0" [stack: 0x000000eeefe00000,0x000000eeeff00000] [id=9676]

[error occurred during error reporting (printing all threads), id 0xc0000005, EXCEPTION_ACCESS_VIOLATION (0xc0000005) at pc=0x00007ffad046b047]

VM state: not at safepoint (not fully initialized)

VM Mutex/Monitor currently owned by a thread:  ([mutex/lock_event])
[0x000002a0abb11000] Heap_lock - owner thread: 0x000002a0abb16060

Heap address: 0x0000000703800000, size: 4040 MB, Compressed Oops mode: Zero based, Oop shift amount: 3

CDS archive(s) mapped at: [0x0000000000000000-0x0000000000000000-0x0000000000000000), size 0, SharedBaseAddress: 0x0000000800000000, ArchiveRelocationMode: 1.
Narrow klass base: 0x0000000000000000, Narrow klass shift: 0, Narrow klass range: 0x0

GC Precious Log:
<Empty>

Heap:
 garbage-first heap   total 0K, used 0K [0x0000000703800000, 0x0000000800000000)
  region size 2048K, 0 young (0K), 0 survivors (0K)

[error occurred during error reporting (printing heap information), id 0xc0000005, EXCEPTION_ACCESS_VIOLATION (0xc0000005) at pc=0x00007ffad0851499]

GC Heap History (0 events):
No events

Deoptimization events (0 events):
No events

Classes unloaded (0 events):
No events

Classes redefined (0 events):
No events

Internal exceptions (0 events):
No events

VM Operations (0 events):
No events

Events (1 events):
Event: 0.004 Loaded shared library C:\Program Files\Java\jdk-17\bin\java.dll


Dynamic libraries:
0x00007ff641070000 - 0x00007ff641080000 	C:\Program Files\Java\jdk-17\bin\java.exe
0x00007ffaefab0000 - 0x00007ffaefcc6000 	C:\WINDOWS\SYSTEM32\ntdll.dll
0x00007ffaeef10000 - 0x00007ffaeefd4000 	C:\WINDOWS\System32\KERNEL32.DLL
0x00007ffaed240000 - 0x00007ffaed5e7000 	C:\WINDOWS\System32\KERNELBASE.dll
0x00007ffaed5f0000 - 0x00007ffaed701000 	C:\WINDOWS\System32\ucrtbase.dll
0x00007ffad0e10000 - 0x00007ffad0e2b000 	C:\Program Files\Java\jdk-17\bin\VCRUNTIME140.dll
0x00007ffad0df0000 - 0x00007ffad0e09000 	C:\Program Files\Java\jdk-17\bin\jli.dll
0x00007ffaef9b0000 - 0x00007ffaefa62000 	C:\WINDOWS\System32\ADVAPI32.dll
0x00007ffaee2e0000 - 0x00007ffaee387000 	C:\WINDOWS\System32\msvcrt.dll
0x00007ffaef7d0000 - 0x00007ffaef878000 	C:\WINDOWS\System32\sechost.dll
0x00007ffaed710000 - 0x00007ffaed738000 	C:\WINDOWS\System32\bcrypt.dll
0x00007ffaee810000 - 0x00007ffaee925000 	C:\WINDOWS\System32\RPCRT4.dll
0x00007ffaee0b0000 - 0x00007ffaee25e000 	C:\WINDOWS\System32\USER32.dll
0x00007ffade580000 - 0x00007ffade813000 	C:\WINDOWS\WinSxS\amd64_microsoft.windows.common-controls_6595b64144ccf1df_6.0.22621.3235_none_270f74e173860f98\COMCTL32.dll
0x00007ffaecdd0000 - 0x00007ffaecdf6000 	C:\WINDOWS\System32\win32u.dll
0x00007ffaef880000 - 0x00007ffaef8a9000 	C:\WINDOWS\System32\GDI32.dll
0x00007ffaed0b0000 - 0x00007ffaed1c9000 	C:\WINDOWS\System32\gdi32full.dll
0x00007ffaed740000 - 0x00007ffaed7da000 	C:\WINDOWS\System32\msvcp_win.dll
0x00007ffae82b0000 - 0x00007ffae82ba000 	C:\WINDOWS\SYSTEM32\VERSION.dll
0x00007ffaeecc0000 - 0x00007ffaeecf1000 	C:\WINDOWS\System32\IMM32.DLL
0x00007ffad6cb0000 - 0x00007ffad6cbc000 	C:\Program Files\Java\jdk-17\bin\vcruntime140_1.dll
0x00007ffad0d60000 - 0x00007ffad0dee000 	C:\Program Files\Java\jdk-17\bin\msvcp140.dll
0x00007ffad0180000 - 0x00007ffad0d5e000 	C:\Program Files\Java\jdk-17\bin\server\jvm.dll
0x00007ffaee0a0000 - 0x00007ffaee0a8000 	C:\WINDOWS\System32\PSAPI.DLL
0x00007ffad6cf0000 - 0x00007ffad6d24000 	C:\WINDOWS\SYSTEM32\WINMM.dll
0x00007ffadfb60000 - 0x00007ffadfb69000 	C:\WINDOWS\SYSTEM32\WSOCK32.dll
0x00007ffaee260000 - 0x00007ffaee2d1000 	C:\WINDOWS\System32\WS2_32.dll
0x00007ffaebea0000 - 0x00007ffaebeb8000 	C:\WINDOWS\SYSTEM32\kernel.appcore.dll
0x00007ffad0170000 - 0x00007ffad017a000 	C:\Program Files\Java\jdk-17\bin\jimage.dll
0x00007ffae7670000 - 0x00007ffae78a3000 	C:\WINDOWS\SYSTEM32\DBGHELP.DLL
0x00007ffaee930000 - 0x00007ffaeecb8000 	C:\WINDOWS\System32\combase.dll
0x00007ffaef8d0000 - 0x00007ffaef9a7000 	C:\WINDOWS\System32\OLEAUT32.dll
0x00007ffae71c0000 - 0x00007ffae71f2000 	C:\WINDOWS\SYSTEM32\dbgcore.DLL
0x00007ffaed030000 - 0x00007ffaed0a9000 	C:\WINDOWS\System32\bcryptPrimitives.dll
0x00007ffad00e0000 - 0x00007ffad0105000 	C:\Program Files\Java\jdk-17\bin\java.dll

dbghelp: loaded successfully - version: 4.0.5 - missing functions: none
symbol engine: initialized successfully - sym options: 0x614 - pdb path: .;C:\Program Files\Java\jdk-17\bin;C:\WINDOWS\SYSTEM32;C:\WINDOWS\WinSxS\amd64_microsoft.windows.common-controls_6595b64144ccf1df_6.0.22621.3235_none_270f74e173860f98;C:\Program Files\Java\jdk-17\bin\server

VM Arguments:
java_command: C:\Users\GYANAD~1\AppData\Local\Temp\surefire11512841118104558596\surefirebooter1070935093170856641.jar C:\Users\Gyanadeep Sahoo\AppData\Local\Temp\surefire11512841118104558596 2024-04-21T20-23-05_962-jvmRun1 surefire1815131641131075671tmp surefire_04145984873095826547tmp
java_class_path (initial): C:\Users\GYANAD~1\AppData\Local\Temp\surefire11512841118104558596\surefirebooter1070935093170856641.jar
Launcher Type: SUN_STANDARD

[Global flags]
     intx CICompilerCount                          = 4                                         {product} {ergonomic}
     uint ConcGCThreads                            = 2                                         {product} {ergonomic}
     uint G1ConcRefinementThreads                  = 8                                         {product} {ergonomic}
   size_t G1HeapRegionSize                         = 2097152                                   {product} {ergonomic}
    uintx GCDrainStackTargetSize                   = 64                                        {product} {ergonomic}
   size_t InitialHeapSize                          = 266338304                                 {product} {ergonomic}
   size_t MarkStackSize                            = 4194304                                   {product} {ergonomic}
   size_t MaxHeapSize                              = 4236247040                                {product} {ergonomic}
   size_t MinHeapDeltaBytes                        = 2097152                                   {product} {ergonomic}
   size_t MinHeapSize                              = 8388608                                   {product} {ergonomic}
    uintx NonNMethodCodeHeapSize                   = 5839372                                {pd product} {ergonomic}
    uintx NonProfiledCodeHeapSize                  = 122909434                              {pd product} {ergonomic}
    uintx ProfiledCodeHeapSize                     = 122909434                              {pd product} {ergonomic}
    uintx ReservedCodeCacheSize                    = 251658240                              {pd product} {ergonomic}
     bool SegmentedCodeCache                       = true                                      {product} {ergonomic}
   size_t SoftMaxHeapSize                          = 4236247040                             {manageable} {ergonomic}
     bool UseCompressedClassPointers               = true                           {product lp64_product} {ergonomic}
     bool UseCompressedOops                        = true                           {product lp64_product} {ergonomic}
     bool UseG1GC                                  = true                                      {product} {ergonomic}
     bool UseLargePagesIndividualAllocation        = false                                  {pd product} {ergonomic}

Logging:
Log output configuration:
 #0: stdout all=warning uptime,level,tags
 #1: stderr all=off uptime,level,tags

Environment Variables:
JAVA_HOME=C:\Program Files\Java\jdk-17
PATH=C:\Program Files\Maven\apache-maven-3.9.5/bin;C:\Program Files\Common Files\Oracle\Java\javapath;C:\Program Files (x86)\Common Files\Oracle\Java\javapath;C:\WINDOWS\system32;C:\WINDOWS;C:\WINDOWS\System32\Wbem;C:\WINDOWS\System32\WindowsPowerShell\v1.0\;C:\WINDOWS\System32\OpenSSH\;C:\Program Files\Git\cmd;C:\Program Files\nodejs;C:\ProgramData\chocolatey\bin;C:\Users\Gyanadeep Sahoo\AppData\Roaming\npm\node_modules\appium\node_modules\.bin;C:\Bins\bin\;C:\Users\Gyanadeep Sahoo\AppData\Local\Android\Sdk\platform-tools;C:\Program Files\Maven\apache-maven-3.9.5\bin;C:\Program Files\dotnet\;C:\Users\Gyanadeep Sahoo\AppData\Local\Microsoft\WindowsApps;C:\Users\Gyanadeep Sahoo\AppData\Roaming\npm;
USERNAME=Gyanadeep Sahoo
OS=Windows_NT
PROCESSOR_IDENTIFIER=Intel64 Family 6 Model 140 Stepping 2, GenuineIntel



---------------  S Y S T E M  ---------------

OS:
 Windows 11 , 64 bit Build 22621 (10.0.22621.3374)
OS uptime: 12 days 3:07 hours

CPU: total 8 (initial active 8) (4 cores per cpu, 2 threads per core) family 6 model 140 stepping 2 microcode 0xc, cx8, cmov, fxsr, ht, mmx, 3dnowpref, sse, sse2, sse3, ssse3, sse4.1, sse4.2, popcnt, lzcnt, tsc, tscinvbit, avx, avx2, aes, erms, clmul, bmi1, bmi2, adx, avx512f, avx512dq, avx512cd, avx512bw, avx512vl, sha, fma, vzeroupper, avx512_vpopcntdq, avx512_vpclmulqdq, avx512_vaes, avx512_vnni, clflush, clflushopt, clwb, avx512_vbmi2, avx512_vbmi

Memory: 4k page, system-wide physical 16159M (6291M free)
TotalPageFile size 41060M (AvailPageFile size 126M)
current process WorkingSet (physical memory assigned to process): 11M, peak: 11M
current process commit charge ("private bytes"): 60M, peak: 314M

vm_info: Java HotSpot(TM) 64-Bit Server VM (17.0.8+9-LTS-211) for windows-amd64 JRE (17.0.8+9-LTS-211), built on Jun 14 2023 10:34:31 by "mach5one" with MS VC++ 17.1 (VS2022)

END.
